app/build/intermediates/manifest_merge_blame_file/release/manifest-merger-blame-release-report.txt
1<?xml version="1.0" encoding="utf-8"?>
2<manifest xmlns:android="http://schemas.android.com/apk/res/android"
3    package="com.srilakshmichennakeshavahighschoolmidthur"
4    android:versionCode="2"
5    android:versionName="2" >
6
7    <uses-sdk
8        android:minSdkVersion="23"
8-->src\main\AndroidManifest.xml
9        android:targetSdkVersion="30" />
9-->src\main\AndroidManifest.xml
10
11    <uses-permission android:name="android.permission.INTERNET" />
11-->src\main\AndroidManifest.xml:5:5-66
11-->src\main\AndroidManifest.xml:5:22-64
12    <uses-permission android:name="android.permission.ACCESS_NETWORK_STATE" />
12-->src\main\AndroidManifest.xml:6:5-78
12-->src\main\AndroidManifest.xml:6:22-76
13
14    <application
14-->src\main\AndroidManifest.xml:8:5-23:19
15        android:allowBackup="true"
15-->src\main\AndroidManifest.xml:9:9-35
16        android:appComponentFactory="androidx.core.app.CoreComponentFactory"
16-->[androidx.core:core:1.3.1] AndroidManifest.xml:24:18-86
17        android:extractNativeLibs="false"
18        android:icon="@mipmap/ic_launcher"
18-->src\main\AndroidManifest.xml:10:9-43
19        android:label="@string/app_name"
19-->src\main\AndroidManifest.xml:11:9-41
20        android:roundIcon="@mipmap/ic_launcher_round"
20-->src\main\AndroidManifest.xml:12:9-54
21        android:supportsRtl="true"
21-->src\main\AndroidManifest.xml:13:9-35
22        android:theme="@style/Theme.SriLakshmiChennakeshavaHighSchoolMidthur"
22-->src\main\AndroidManifest.xml:15:9-78
23        android:usesCleartextTraffic="true" >
23-->src\main\AndroidManifest.xml:14:9-44
24        <activity android:name="com.srilakshmichennakeshavahighschoolmidthur.MainActivity" >
24-->src\main\AndroidManifest.xml:16:9-22:20
24-->src\main\AndroidManifest.xml:16:19-47
25            <intent-filter>
25-->src\main\AndroidManifest.xml:17:13-21:29
26                <action android:name="android.intent.action.MAIN" />
26-->src\main\AndroidManifest.xml:18:17-69
26-->src\main\AndroidManifest.xml:18:25-66
27
28                <category android:name="android.intent.category.LAUNCHER" />
28-->src\main\AndroidManifest.xml:20:17-77
28-->src\main\AndroidManifest.xml:20:27-74
29            </intent-filter>
30        </activity>
31    </application>
32
33</manifest>